Command line:
   TB_Procesador_isim_beh.exe
     -simmode  gui
     -simrunnum  0
     -socket  57994

Mon Nov 14 12:31:38 2016


 Elaboration Time: 0.046875 sec

 Current Memory Usage: 846.049 Meg

 Total Signals          : 157
 Total Nets             : 5203
 Total Signal Drivers   : 48
 Total Blocks           : 27
 Total Primitive Blocks : 25
 Total Processes        : 33
 Total Traceable Variables  : 16
 Total Scalar Nets and Variables : 5705
Total Line Count : 250
In process InstructionMemory.vhd:35 
 

 Total Simulation Time: 0.109375 sec

 Current Memory Usage: 1160.62 Meg

Mon Nov 14 12:32:15 2016

