Command line:
   TB_InstructionMemory_isim_beh.exe
     -simmode  gui
     -simrunnum  0
     -socket  52053

Tue Oct 04 17:27:43 2016


 Elaboration Time: 0.124801 sec

 Current Memory Usage: 1318.93 Meg

 Total Signals          : 7
 Total Nets             : 1089
 Total Signal Drivers   : 3
 Total Blocks           : 6
 Total Primitive Blocks : 5
 Total Processes        : 2
 Total Traceable Variables  : 10
 Total Scalar Nets and Variables : 1467
Total Line Count : 11

 Total Simulation Time: 0.124801 sec

 Current Memory Usage: 1318.93 Meg

Tue Oct 04 17:27:51 2016

