Command line:
   TB_Mux32B_isim_beh.exe
     -simmode  gui
     -simrunnum  0
     -socket  55873

Sun Nov 13 18:37:55 2016


 Elaboration Time: 0.046875 sec

 Current Memory Usage: 842.191 Meg

 Total Signals          : 8
 Total Nets             : 97
 Total Signal Drivers   : 4
 Total Blocks           : 5
 Total Primitive Blocks : 4
 Total Processes        : 2
 Total Traceable Variables  : 10
 Total Scalar Nets and Variables : 475
Total Line Count : 15

 Total Simulation Time: 0.09375 sec

 Current Memory Usage: 842.191 Meg

Sun Nov 13 18:38:06 2016

