Running: C:\Xilinx\14.7\ISE_DS\ISE\bin\nt64\unwrapped\fuse.exe -intstyle ise -incremental -o C:/Users/utp/Desktop/Luisda/Procesador/TB_InstructionMemory_isim_beh.exe -prj C:/Users/utp/Desktop/Luisda/Procesador/TB_InstructionMemory_beh.prj work.TB_InstructionMemory 
ISim P.20131013 (signature 0x7708f090)
Number of CPUs detected in this system: 4
Turning on mult-threading, number of parallel sub-compilation jobs: 8 
Determining compilation order of HDL files
Parsing VHDL file "C:/Users/utp/Desktop/Luisda/Procesador/InstructionMemory.vhd" into library work
Parsing VHDL file "C:/Users/utp/Desktop/Luisda/Procesador/TB_InstructionMemory.vhd" into library work
Starting static elaboration
Completed static elaboration
Compiling package standard
Compiling package std_logic_1164
Compiling package std_logic_arith
Compiling package std_logic_unsigned
Compiling package textio
Compiling architecture arqinstructionmemory of entity instructionMemory [instructionmemory_default]
Compiling architecture behavior of entity tb_instructionmemory
Time Resolution for simulation is 1ps.
Waiting for 1 sub-compilation(s) to finish...
Compiled 8 VHDL Units
Built simulation executable C:/Users/utp/Desktop/Luisda/Procesador/TB_InstructionMemory_isim_beh.exe
Fuse Memory Usage: 33408 KB
Fuse CPU Usage: 468 ms
