ISim log file
Running: C:\Users\Lenovo_PC\Universidad\Arquitectura de Computadores\Procesador\TB_Procesador_isim_beh.exe -intstyle ise -gui -tclbatch isim.cmd -wdb C:/Users/Lenovo_PC/Universidad/Arquitectura de Computadores/Procesador/TB_Procesador_isim_beh.wdb 
ISim P.20131013 (signature 0x7708f090)
WARNING: A WEBPACK license was found.
WARNING: Please use Xilinx License Configuration Manager to check out a full ISim license.
WARNING: ISim will run in Lite mode. Please refer to the ISim documentation for more information on the differences between the Lite and the Full version.
This is a Lite version of ISim.
Time resolution is 1 ps
# onerror resume
# wave add /
# run 1000 ns
Simulator is doing circuit initialization process.
at 0 ps, Instance /tb_procesador/uut/Inst_sumPC/ : Warning: There is an 'U'|'X'|'W'|'Z'|'-' in an arithmetic operand, the result will be 'X'(es).
at 0 ps, Instance /tb_procesador/uut/Inst_instructionMemory/ : Warning: CONV_INTEGER: There is an 'U'|'X'|'W'|'Z'|'-' in an arithmetic operand, and it has been converted to 0.
Finished circuit initialization process.
at 0 ps, Instance /tb_procesador/uut/Inst_WindowsManager/ : Warning: CONV_INTEGER: There is an 'U'|'X'|'W'|'Z'|'-' in an arithmetic operand, and it has been converted to 0.
at 0 ps, Instance /tb_procesador/uut/Inst_WindowsManager/ : Warning: CONV_INTEGER: There is an 'U'|'X'|'W'|'Z'|'-' in an arithmetic operand, and it has been converted to 0.
at 0 ps, Instance /tb_procesador/uut/Inst_WindowsManager/ : Warning: CONV_INTEGER: There is an 'U'|'X'|'W'|'Z'|'-' in an arithmetic operand, and it has been converted to 0.
at 0 ps, Instance /tb_procesador/uut/Inst_WindowsManager/ : Warning: CONV_INTEGER: There is an 'U'|'X'|'W'|'Z'|'-' in an arithmetic operand, and it has been converted to 0.
at 0 ps, Instance /tb_procesador/uut/Inst_WindowsManager/ : Warning: CONV_INTEGER: There is an 'U'|'X'|'W'|'Z'|'-' in an arithmetic operand, and it has been converted to 0.
at 0 ps, Instance /tb_procesador/uut/Inst_WindowsManager/ : Warning: CONV_INTEGER: There is an 'U'|'X'|'W'|'Z'|'-' in an arithmetic operand, and it has been converted to 0.
at 0 ps, Instance /tb_procesador/uut/Inst_WindowsManager/ : Warning: CONV_INTEGER: There is an 'U'|'X'|'W'|'Z'|'-' in an arithmetic operand, and it has been converted to 0.
at 0 ps, Instance /tb_procesador/uut/Inst_WindowsManager/ : Warning: CONV_INTEGER: There is an 'U'|'X'|'W'|'Z'|'-' in an arithmetic operand, and it has been converted to 0.
at 0 ps, Instance /tb_procesador/uut/Inst_WindowsManager/ : Warning: CONV_INTEGER: There is an 'U'|'X'|'W'|'Z'|'-' in an arithmetic operand, and it has been converted to 0.
at 0 ps, Instance /tb_procesador/uut/Inst_WindowsManager/ : Warning: CONV_INTEGER: There is an 'U'|'X'|'W'|'Z'|'-' in an arithmetic operand, and it has been converted to 0.
at 0 ps, Instance /tb_procesador/uut/Inst_WindowsManager/ : Warning: CONV_INTEGER: There is an 'U'|'X'|'W'|'Z'|'-' in an arithmetic operand, and it has been converted to 0.
at 0 ps, Instance /tb_procesador/uut/Inst_WindowsManager/ : Warning: CONV_INTEGER: There is an 'U'|'X'|'W'|'Z'|'-' in an arithmetic operand, and it has been converted to 0.
ERROR: Index 32 out of bound 0 to 31. 
ERROR: In process InstructionMemory.vhd:35 
 
INFO: Simulator is stopped.
# show driver /tb_procesador/salida
Driver for /tb_procesador/salida[0]
	'0'	: /tb_procesador/uut/:347
		  in File "C:/Users/Lenovo_PC/Universidad/Arquitectura de Computadores/Procesador/unionModulos.vhd" Line 347

Driver for /tb_procesador/salida[10]
	'0'	: /tb_procesador/uut/:347
		  in File "C:/Users/Lenovo_PC/Universidad/Arquitectura de Computadores/Procesador/unionModulos.vhd" Line 347

Driver for /tb_procesador/salida[11]
	'0'	: /tb_procesador/uut/:347
		  in File "C:/Users/Lenovo_PC/Universidad/Arquitectura de Computadores/Procesador/unionModulos.vhd" Line 347

Driver for /tb_procesador/salida[12]
	'0'	: /tb_procesador/uut/:347
		  in File "C:/Users/Lenovo_PC/Universidad/Arquitectura de Computadores/Procesador/unionModulos.vhd" Line 347

Driver for /tb_procesador/salida[13]
	'0'	: /tb_procesador/uut/:347
		  in File "C:/Users/Lenovo_PC/Universidad/Arquitectura de Computadores/Procesador/unionModulos.vhd" Line 347

Driver for /tb_procesador/salida[14]
	'0'	: /tb_procesador/uut/:347
		  in File "C:/Users/Lenovo_PC/Universidad/Arquitectura de Computadores/Procesador/unionModulos.vhd" Line 347

Driver for /tb_procesador/salida[15]
	'0'	: /tb_procesador/uut/:347
		  in File "C:/Users/Lenovo_PC/Universidad/Arquitectura de Computadores/Procesador/unionModulos.vhd" Line 347

Driver for /tb_procesador/salida[16]
	'0'	: /tb_procesador/uut/:347
		  in File "C:/Users/Lenovo_PC/Universidad/Arquitectura de Computadores/Procesador/unionModulos.vhd" Line 347

Driver for /tb_procesador/salida[17]
	'0'	: /tb_procesador/uut/:347
		  in File "C:/Users/Lenovo_PC/Universidad/Arquitectura de Computadores/Procesador/unionModulos.vhd" Line 347

Driver for /tb_procesador/salida[18]
	'0'	: /tb_procesador/uut/:347
		  in File "C:/Users/Lenovo_PC/Universidad/Arquitectura de Computadores/Procesador/unionModulos.vhd" Line 347

Driver for /tb_procesador/salida[19]
	'0'	: /tb_procesador/uut/:347
		  in File "C:/Users/Lenovo_PC/Universidad/Arquitectura de Computadores/Procesador/unionModulos.vhd" Line 347

Driver for /tb_procesador/salida[1]
	'0'	: /tb_procesador/uut/:347
		  in File "C:/Users/Lenovo_PC/Universidad/Arquitectura de Computadores/Procesador/unionModulos.vhd" Line 347

Driver for /tb_procesador/salida[20]
	'0'	: /tb_procesador/uut/:347
		  in File "C:/Users/Lenovo_PC/Universidad/Arquitectura de Computadores/Procesador/unionModulos.vhd" Line 347

Driver for /tb_procesador/salida[21]
	'0'	: /tb_procesador/uut/:347
		  in File "C:/Users/Lenovo_PC/Universidad/Arquitectura de Computadores/Procesador/unionModulos.vhd" Line 347

Driver for /tb_procesador/salida[22]
	'0'	: /tb_procesador/uut/:347
		  in File "C:/Users/Lenovo_PC/Universidad/Arquitectura de Computadores/Procesador/unionModulos.vhd" Line 347

Driver for /tb_procesador/salida[23]
	'0'	: /tb_procesador/uut/:347
		  in File "C:/Users/Lenovo_PC/Universidad/Arquitectura de Computadores/Procesador/unionModulos.vhd" Line 347

Driver for /tb_procesador/salida[24]
	'0'	: /tb_procesador/uut/:347
		  in File "C:/Users/Lenovo_PC/Universidad/Arquitectura de Computadores/Procesador/unionModulos.vhd" Line 347

Driver for /tb_procesador/salida[25]
	'0'	: /tb_procesador/uut/:347
		  in File "C:/Users/Lenovo_PC/Universidad/Arquitectura de Computadores/Procesador/unionModulos.vhd" Line 347

Driver for /tb_procesador/salida[26]
	'0'	: /tb_procesador/uut/:347
		  in File "C:/Users/Lenovo_PC/Universidad/Arquitectura de Computadores/Procesador/unionModulos.vhd" Line 347

Driver for /tb_procesador/salida[27]
	'0'	: /tb_procesador/uut/:347
		  in File "C:/Users/Lenovo_PC/Universidad/Arquitectura de Computadores/Procesador/unionModulos.vhd" Line 347

Driver for /tb_procesador/salida[28]
	'0'	: /tb_procesador/uut/:347
		  in File "C:/Users/Lenovo_PC/Universidad/Arquitectura de Computadores/Procesador/unionModulos.vhd" Line 347

Driver for /tb_procesador/salida[29]
	'0'	: /tb_procesador/uut/:347
		  in File "C:/Users/Lenovo_PC/Universidad/Arquitectura de Computadores/Procesador/unionModulos.vhd" Line 347

Driver for /tb_procesador/salida[2]
	'0'	: /tb_procesador/uut/:347
		  in File "C:/Users/Lenovo_PC/Universidad/Arquitectura de Computadores/Procesador/unionModulos.vhd" Line 347

Driver for /tb_procesador/salida[30]
	'0'	: /tb_procesador/uut/:347
		  in File "C:/Users/Lenovo_PC/Universidad/Arquitectura de Computadores/Procesador/unionModulos.vhd" Line 347

Driver for /tb_procesador/salida[31]
	'0'	: /tb_procesador/uut/:347
		  in File "C:/Users/Lenovo_PC/Universidad/Arquitectura de Computadores/Procesador/unionModulos.vhd" Line 347

Driver for /tb_procesador/salida[3]
	'0'	: /tb_procesador/uut/:347
		  in File "C:/Users/Lenovo_PC/Universidad/Arquitectura de Computadores/Procesador/unionModulos.vhd" Line 347

Driver for /tb_procesador/salida[4]
	'0'	: /tb_procesador/uut/:347
		  in File "C:/Users/Lenovo_PC/Universidad/Arquitectura de Computadores/Procesador/unionModulos.vhd" Line 347

Driver for /tb_procesador/salida[5]
	'0'	: /tb_procesador/uut/:347
		  in File "C:/Users/Lenovo_PC/Universidad/Arquitectura de Computadores/Procesador/unionModulos.vhd" Line 347

Driver for /tb_procesador/salida[6]
	'0'	: /tb_procesador/uut/:347
		  in File "C:/Users/Lenovo_PC/Universidad/Arquitectura de Computadores/Procesador/unionModulos.vhd" Line 347

Driver for /tb_procesador/salida[7]
	'0'	: /tb_procesador/uut/:347
		  in File "C:/Users/Lenovo_PC/Universidad/Arquitectura de Computadores/Procesador/unionModulos.vhd" Line 347

Driver for /tb_procesador/salida[8]
	'0'	: /tb_procesador/uut/:347
		  in File "C:/Users/Lenovo_PC/Universidad/Arquitectura de Computadores/Procesador/unionModulos.vhd" Line 347

Driver for /tb_procesador/salida[9]
	'0'	: /tb_procesador/uut/:347
		  in File "C:/Users/Lenovo_PC/Universidad/Arquitectura de Computadores/Procesador/unionModulos.vhd" Line 347

# show driver /tb_procesador/salida
Driver for /tb_procesador/salida[0]
	'0'	: /tb_procesador/uut/:347
		  in File "C:/Users/Lenovo_PC/Universidad/Arquitectura de Computadores/Procesador/unionModulos.vhd" Line 347

Driver for /tb_procesador/salida[10]
	'0'	: /tb_procesador/uut/:347
		  in File "C:/Users/Lenovo_PC/Universidad/Arquitectura de Computadores/Procesador/unionModulos.vhd" Line 347

Driver for /tb_procesador/salida[11]
	'0'	: /tb_procesador/uut/:347
		  in File "C:/Users/Lenovo_PC/Universidad/Arquitectura de Computadores/Procesador/unionModulos.vhd" Line 347

Driver for /tb_procesador/salida[12]
	'0'	: /tb_procesador/uut/:347
		  in File "C:/Users/Lenovo_PC/Universidad/Arquitectura de Computadores/Procesador/unionModulos.vhd" Line 347

Driver for /tb_procesador/salida[13]
	'0'	: /tb_procesador/uut/:347
		  in File "C:/Users/Lenovo_PC/Universidad/Arquitectura de Computadores/Procesador/unionModulos.vhd" Line 347

Driver for /tb_procesador/salida[14]
	'0'	: /tb_procesador/uut/:347
		  in File "C:/Users/Lenovo_PC/Universidad/Arquitectura de Computadores/Procesador/unionModulos.vhd" Line 347

Driver for /tb_procesador/salida[15]
	'0'	: /tb_procesador/uut/:347
		  in File "C:/Users/Lenovo_PC/Universidad/Arquitectura de Computadores/Procesador/unionModulos.vhd" Line 347

Driver for /tb_procesador/salida[16]
	'0'	: /tb_procesador/uut/:347
		  in File "C:/Users/Lenovo_PC/Universidad/Arquitectura de Computadores/Procesador/unionModulos.vhd" Line 347

Driver for /tb_procesador/salida[17]
	'0'	: /tb_procesador/uut/:347
		  in File "C:/Users/Lenovo_PC/Universidad/Arquitectura de Computadores/Procesador/unionModulos.vhd" Line 347

Driver for /tb_procesador/salida[18]
	'0'	: /tb_procesador/uut/:347
		  in File "C:/Users/Lenovo_PC/Universidad/Arquitectura de Computadores/Procesador/unionModulos.vhd" Line 347

Driver for /tb_procesador/salida[19]
	'0'	: /tb_procesador/uut/:347
		  in File "C:/Users/Lenovo_PC/Universidad/Arquitectura de Computadores/Procesador/unionModulos.vhd" Line 347

Driver for /tb_procesador/salida[1]
	'0'	: /tb_procesador/uut/:347
		  in File "C:/Users/Lenovo_PC/Universidad/Arquitectura de Computadores/Procesador/unionModulos.vhd" Line 347

Driver for /tb_procesador/salida[20]
	'0'	: /tb_procesador/uut/:347
		  in File "C:/Users/Lenovo_PC/Universidad/Arquitectura de Computadores/Procesador/unionModulos.vhd" Line 347

Driver for /tb_procesador/salida[21]
	'0'	: /tb_procesador/uut/:347
		  in File "C:/Users/Lenovo_PC/Universidad/Arquitectura de Computadores/Procesador/unionModulos.vhd" Line 347

Driver for /tb_procesador/salida[22]
	'0'	: /tb_procesador/uut/:347
		  in File "C:/Users/Lenovo_PC/Universidad/Arquitectura de Computadores/Procesador/unionModulos.vhd" Line 347

Driver for /tb_procesador/salida[23]
	'0'	: /tb_procesador/uut/:347
		  in File "C:/Users/Lenovo_PC/Universidad/Arquitectura de Computadores/Procesador/unionModulos.vhd" Line 347

Driver for /tb_procesador/salida[24]
	'0'	: /tb_procesador/uut/:347
		  in File "C:/Users/Lenovo_PC/Universidad/Arquitectura de Computadores/Procesador/unionModulos.vhd" Line 347

Driver for /tb_procesador/salida[25]
	'0'	: /tb_procesador/uut/:347
		  in File "C:/Users/Lenovo_PC/Universidad/Arquitectura de Computadores/Procesador/unionModulos.vhd" Line 347

Driver for /tb_procesador/salida[26]
	'0'	: /tb_procesador/uut/:347
		  in File "C:/Users/Lenovo_PC/Universidad/Arquitectura de Computadores/Procesador/unionModulos.vhd" Line 347

Driver for /tb_procesador/salida[27]
	'0'	: /tb_procesador/uut/:347
		  in File "C:/Users/Lenovo_PC/Universidad/Arquitectura de Computadores/Procesador/unionModulos.vhd" Line 347

Driver for /tb_procesador/salida[28]
	'0'	: /tb_procesador/uut/:347
		  in File "C:/Users/Lenovo_PC/Universidad/Arquitectura de Computadores/Procesador/unionModulos.vhd" Line 347

Driver for /tb_procesador/salida[29]
	'0'	: /tb_procesador/uut/:347
		  in File "C:/Users/Lenovo_PC/Universidad/Arquitectura de Computadores/Procesador/unionModulos.vhd" Line 347

Driver for /tb_procesador/salida[2]
	'0'	: /tb_procesador/uut/:347
		  in File "C:/Users/Lenovo_PC/Universidad/Arquitectura de Computadores/Procesador/unionModulos.vhd" Line 347

Driver for /tb_procesador/salida[30]
	'0'	: /tb_procesador/uut/:347
		  in File "C:/Users/Lenovo_PC/Universidad/Arquitectura de Computadores/Procesador/unionModulos.vhd" Line 347

Driver for /tb_procesador/salida[31]
	'0'	: /tb_procesador/uut/:347
		  in File "C:/Users/Lenovo_PC/Universidad/Arquitectura de Computadores/Procesador/unionModulos.vhd" Line 347

Driver for /tb_procesador/salida[3]
	'0'	: /tb_procesador/uut/:347
		  in File "C:/Users/Lenovo_PC/Universidad/Arquitectura de Computadores/Procesador/unionModulos.vhd" Line 347

Driver for /tb_procesador/salida[4]
	'0'	: /tb_procesador/uut/:347
		  in File "C:/Users/Lenovo_PC/Universidad/Arquitectura de Computadores/Procesador/unionModulos.vhd" Line 347

Driver for /tb_procesador/salida[5]
	'0'	: /tb_procesador/uut/:347
		  in File "C:/Users/Lenovo_PC/Universidad/Arquitectura de Computadores/Procesador/unionModulos.vhd" Line 347

Driver for /tb_procesador/salida[6]
	'0'	: /tb_procesador/uut/:347
		  in File "C:/Users/Lenovo_PC/Universidad/Arquitectura de Computadores/Procesador/unionModulos.vhd" Line 347

Driver for /tb_procesador/salida[7]
	'0'	: /tb_procesador/uut/:347
		  in File "C:/Users/Lenovo_PC/Universidad/Arquitectura de Computadores/Procesador/unionModulos.vhd" Line 347

Driver for /tb_procesador/salida[8]
	'0'	: /tb_procesador/uut/:347
		  in File "C:/Users/Lenovo_PC/Universidad/Arquitectura de Computadores/Procesador/unionModulos.vhd" Line 347

Driver for /tb_procesador/salida[9]
	'0'	: /tb_procesador/uut/:347
		  in File "C:/Users/Lenovo_PC/Universidad/Arquitectura de Computadores/Procesador/unionModulos.vhd" Line 347

