Command line:
   TB_UnityControl_isim_beh.exe
     -simmode  gui
     -simrunnum  0
     -socket  49632

Thu Oct 06 17:15:33 2016


 Elaboration Time: 0.0312 sec

 Current Memory Usage: 667.148 Meg

 Total Signals          : 6
 Total Nets             : 14
 Total Signal Drivers   : 3
 Total Blocks           : 5
 Total Primitive Blocks : 4
 Total Processes        : 2
 Total Traceable Variables  : 10
 Total Scalar Nets and Variables : 392
Total Line Count : 30

 Total Simulation Time: 0.0468 sec

 Current Memory Usage: 667.148 Meg

Thu Oct 06 17:18:15 2016

