Command line:
   TB_registerFile_isim_beh.exe
     -simmode  gui
     -simrunnum  0
     -socket  49944

Thu Oct 20 09:40:12 2016


 Elaboration Time: 0.0312 sec

 Current Memory Usage: 667.111 Meg

 Total Signals          : 16
 Total Nets             : 1168
 Total Signal Drivers   : 7
 Total Blocks           : 5
 Total Primitive Blocks : 4
 Total Processes        : 2
 Total Traceable Variables  : 10
 Total Scalar Nets and Variables : 1546
Total Line Count : 30

 Total Simulation Time: 0.0312 sec

 Current Memory Usage: 667.111 Meg

Thu Oct 20 09:44:06 2016

