Command line:
   TB_Alu_isim_beh.exe
     -simmode  gui
     -simrunnum  0
     -socket  49558

Thu Oct 06 16:59:39 2016


 Elaboration Time: 0.0312 sec

 Current Memory Usage: 667.148 Meg

 Total Signals          : 8
 Total Nets             : 102
 Total Signal Drivers   : 4
 Total Blocks           : 5
 Total Primitive Blocks : 4
 Total Processes        : 2
 Total Traceable Variables  : 10
 Total Scalar Nets and Variables : 480
Total Line Count : 28

 Total Simulation Time: 0.1092 sec

 Current Memory Usage: 981.721 Meg

Thu Oct 06 17:00:38 2016

